# JRE version: OpenJDK Runtime Environment (7.0_95) (build 1.7.0_95-b00)
# Java VM: OpenJDK 64-Bit Server VM (24.95-b01 mixed mode linux-amd64 compressed oops)
Heap
 PSYoungGen      total 266752K, used 9200K [0x00000007d6a80000, 0x00000007e7880000, 0x0000000800000000)
  eden space 257536K, 0% used [0x00000007d6a80000,0x00000007d6a80000,0x00000007e6600000)
  from space 9216K, 99% used [0x00000007e6600000,0x00000007e6efc010,0x00000007e6f00000)
  to   space 8704K, 0% used [0x00000007e6f00000,0x00000007e6f00000,0x00000007e7780000)
 ParOldGen       total 84480K, used 14686K [0x0000000784000000, 0x0000000789280000, 0x00000007d6a80000)
  object space 84480K, 17% used [0x0000000784000000,0x0000000784e57be8,0x0000000789280000)
 PSPermGen       total 33280K, used 32784K [0x0000000779a00000, 0x000000077ba80000, 0x0000000784000000)
  object space 33280K, 98% used [0x0000000779a00000,0x000000077ba043f0,0x000000077ba80000)
GC Heap History (10 events):
Event: 0.783 GC heap after
Heap after GC invocations=2 (full 0):
 PSYoungGen      total 69632K, used 5088K [0x00000007d6a80000, 0x00000007db380000, 0x0000000800000000)
  eden space 64512K, 0% used [0x00000007d6a80000,0x00000007d6a80000,0x00000007da980000)
  from space 5120K, 99% used [0x00000007dae80000,0x00000007db378020,0x00000007db380000)
  to   space 5120K, 0% used [0x00000007da980000,0x00000007da980000,0x00000007dae80000)
 ParOldGen       total 84480K, used 511K [0x0000000784000000, 0x0000000789280000, 0x00000007d6a80000)
  object space 84480K, 0% used [0x0000000784000000,0x000000078407ff00,0x0000000789280000)
 PSPermGen       total 21504K, used 16140K [0x0000000779a00000, 0x000000077af00000, 0x0000000784000000)
  object space 21504K, 75% used [0x0000000779a00000,0x000000077a9c3340,0x000000077af00000)
}
Event: 1.270 GC heap before
{Heap before GC invocations=3 (full 0):
 PSYoungGen      total 69632K, used 69600K [0x00000007d6a80000, 0x00000007db380000, 0x0000000800000000)
  eden space 64512K, 100% used [0x00000007d6a80000,0x00000007da980000,0x00000007da980000)
  from space 5120K, 99% used [0x00000007dae80000,0x00000007db378020,0x00000007db380000)
  to   space 5120K, 0% used [0x00000007da980000,0x00000007da980000,0x00000007dae80000)
 ParOldGen       total 84480K, used 511K [0x0000000784000000, 0x0000000789280000, 0x00000007d6a80000)
  object space 84480K, 0% used [0x0000000784000000,0x000000078407ff00,0x0000000789280000)
 PSPermGen       total 22528K, used 22199K [0x0000000779a00000, 0x000000077b000000, 0x0000000784000000)
  object space 22528K, 98% used [0x0000000779a00000,0x000000077afadc10,0x000000077b000000)
Event: 1.291 GC heap after
Heap after GC invocations=3 (full 0):
 PSYoungGen      total 69632K, used 5088K [0x00000007d6a80000, 0x00000007df280000, 0x0000000800000000)
  eden space 64512K, 0% used [0x00000007d6a80000,0x00000007d6a80000,0x00000007da980000)
  from space 5120K, 99% used [0x00000007da980000,0x00000007dae78020,0x00000007dae80000)
  to   space 5120K, 0% used [0x00000007ded80000,0x00000007ded80000,0x00000007df280000)
 ParOldGen       total 84480K, used 3078K [0x0000000784000000, 0x0000000789280000, 0x00000007d6a80000)
  object space 84480K, 3% used [0x0000000784000000,0x0000000784301948,0x0000000789280000)
 PSPermGen       total 22528K, used 22199K [0x0000000779a00000, 0x000000077b000000, 0x0000000784000000)
  object space 22528K, 98% used [0x0000000779a00000,0x000000077afadc10,0x000000077b000000)
}
Event: 1.540 GC heap before
{Heap before GC invocations=4 (full 0):
 PSYoungGen      total 69632K, used 69600K [0x00000007d6a80000, 0x00000007df280000, 0x0000000800000000)
  eden space 64512K, 100% used [0x00000007d6a80000,0x00000007da980000,0x00000007da980000)
  from space 5120K, 99% used [0x00000007da980000,0x00000007dae78020,0x00000007dae80000)
  to   space 5120K, 0% used [0x00000007ded80000,0x00000007ded80000,0x00000007df280000)
 ParOldGen       total 84480K, used 3078K [0x0000000784000000, 0x0000000789280000, 0x00000007d6a80000)
  object space 84480K, 3% used [0x0000000784000000,0x0000000784301948,0x0000000789280000)
 PSPermGen       total 23552K, used 23362K [0x0000000779a00000, 0x000000077b100000, 0x0000000784000000)
  object space 23552K, 99% used [0x0000000779a00000,0x000000077b0d0ab0,0x000000077b100000)
Event: 1.560 GC heap after
Heap after GC invocations=4 (full 0):
 PSYoungGen      total 134144K, used 5104K [0x00000007d6a80000, 0x00000007df280000, 0x0000000800000000)
  eden space 129024K, 0% used [0x00000007d6a80000,0x00000007d6a80000,0x00000007de880000)
  from space 5120K, 99% used [0x00000007ded80000,0x00000007df27c010,0x00000007df280000)
  to   space 5120K, 0% used [0x00000007de880000,0x00000007de880000,0x00000007ded80000)
 ParOldGen       total 84480K, used 4408K [0x0000000784000000, 0x0000000789280000, 0x00000007d6a80000)
  object space 84480K, 5% used [0x0000000784000000,0x000000078444e348,0x0000000789280000)
 PSPermGen       total 23552K, used 23362K [0x0000000779a00000, 0x000000077b100000, 0x0000000784000000)
  object space 23552K, 99% used [0x0000000779a00000,0x000000077b0d0ab0,0x000000077b100000)
}
Event: 2.075 GC heap before
{Heap before GC invocations=5 (full 0):
 PSYoungGen      total 134144K, used 134128K [0x00000007d6a80000, 0x00000007df280000, 0x0000000800000000)
  eden space 129024K, 100% used [0x00000007d6a80000,0x00000007de880000,0x00000007de880000)
  from space 5120K, 99% used [0x00000007ded80000,0x00000007df27c010,0x00000007df280000)
  to   space 5120K, 0% used [0x00000007de880000,0x00000007de880000,0x00000007ded80000)
 ParOldGen       total 84480K, used 4408K [0x0000000784000000, 0x0000000789280000, 0x00000007d6a80000)
  object space 84480K, 5% used [0x0000000784000000,0x000000078444e348,0x0000000789280000)
 PSPermGen       total 26112K, used 25633K [0x0000000779a00000, 0x000000077b380000, 0x0000000784000000)
  object space 26112K, 98% used [0x0000000779a00000,0x000000077b308600,0x000000077b380000)
Event: 2.088 GC heap after
Heap after GC invocations=5 (full 0):
 PSYoungGen      total 134144K, used 5104K [0x00000007d6a80000, 0x00000007e7780000, 0x0000000800000000)
  eden space 129024K, 0% used [0x00000007d6a80000,0x00000007d6a80000,0x00000007de880000)
  from space 5120K, 99% used [0x00000007de880000,0x00000007ded7c010,0x00000007ded80000)
  to   space 8704K, 0% used [0x00000007e6f00000,0x00000007e6f00000,0x00000007e7780000)
 ParOldGen       total 84480K, used 7036K [0x0000000784000000, 0x0000000789280000, 0x00000007d6a80000)
  object space 84480K, 8% used [0x0000000784000000,0x00000007846df088,0x0000000789280000)
 PSPermGen       total 26112K, used 25633K [0x0000000779a00000, 0x000000077b380000, 0x0000000784000000)
  object space 26112K, 98% used [0x0000000779a00000,0x000000077b308600,0x000000077b380000)
}
Event: 2.634 GC heap before
{Heap before GC invocations=6 (full 0):
 PSYoungGen      total 134144K, used 134128K [0x00000007d6a80000, 0x00000007e7780000, 0x0000000800000000)
  eden space 129024K, 100% used [0x00000007d6a80000,0x00000007de880000,0x00000007de880000)
  from space 5120K, 99% used [0x00000007de880000,0x00000007ded7c010,0x00000007ded80000)
  to   space 8704K, 0% used [0x00000007e6f00000,0x00000007e6f00000,0x00000007e7780000)
 ParOldGen       total 84480K, used 7036K [0x0000000784000000, 0x0000000789280000, 0x00000007d6a80000)
  object space 84480K, 8% used [0x0000000784000000,0x00000007846df088,0x0000000789280000)
 PSPermGen       total 28672K, used 28183K [0x0000000779a00000, 0x000000077b600000, 0x0000000784000000)
  object space 28672K, 98% used [0x0000000779a00000,0x000000077b585c78,0x000000077b600000)
Event: 2.648 GC heap after
Heap after GC invocations=6 (full 0):
 PSYoungGen      total 266240K, used 7458K [0x00000007d6a80000, 0x00000007e7880000, 0x0000000800000000)
  eden space 257536K, 0% used [0x00000007d6a80000,0x00000007d6a80000,0x00000007e6600000)
  from space 8704K, 85% used [0x00000007e6f00000,0x00000007e7648be0,0x00000007e7780000)
  to   space 9216K, 0% used [0x00000007e6600000,0x00000007e6600000,0x00000007e6f00000)
 ParOldGen       total 84480K, used 7044K [0x0000000784000000, 0x0000000789280000, 0x00000007d6a80000)
  object space 84480K, 8% used [0x0000000784000000,0x00000007846e1088,0x0000000789280000)
 PSPermGen       total 28672K, used 28183K [0x0000000779a00000, 0x000000077b600000, 0x0000000784000000)
  object space 28672K, 98% used [0x0000000779a00000,0x000000077b585c78,0x000000077b600000)
}
Event: 3.674 GC heap before
{Heap before GC invocations=7 (full 0):
 PSYoungGen      total 266240K, used 264994K [0x00000007d6a80000, 0x00000007e7880000, 0x0000000800000000)
  eden space 257536K, 100% used [0x00000007d6a80000,0x00000007e6600000,0x00000007e6600000)
  from space 8704K, 85% used [0x00000007e6f00000,0x00000007e7648be0,0x00000007e7780000)
  to   space 9216K, 0% used [0x00000007e6600000,0x00000007e6600000,0x00000007e6f00000)
 ParOldGen       total 84480K, used 7044K [0x0000000784000000, 0x0000000789280000, 0x00000007d6a80000)
  object space 84480K, 8% used [0x0000000784000000,0x00000007846e1088,0x0000000789280000)
 PSPermGen       total 33280K, used 32784K [0x0000000779a00000, 0x000000077ba80000, 0x0000000784000000)
  object space 33280K, 98% used [0x0000000779a00000,0x000000077ba043f0,0x000000077ba80000)

