# JRE version: OpenJDK Runtime Environment (7.0_95) (build 1.7.0_95-b00)
# Java VM: OpenJDK 64-Bit Server VM (24.95-b01 mixed mode linux-amd64 compressed oops)
Heap
 PSYoungGen      total 266240K, used 9200K [0x00000007d6a80000, 0x00000007e7880000, 0x0000000800000000)
  eden space 257024K, 0% used [0x00000007d6a80000,0x00000007d6a80000,0x00000007e6580000)
  from space 9216K, 99% used [0x00000007e6580000,0x00000007e6e7c010,0x00000007e6e80000)
  to   space 8192K, 0% used [0x00000007e6e80000,0x00000007e6e80000,0x00000007e7680000)
 ParOldGen       total 84480K, used 9056K [0x0000000784000000, 0x0000000789280000, 0x00000007d6a80000)
  object space 84480K, 10% used [0x0000000784000000,0x00000007848d80b0,0x0000000789280000)
 PSPermGen       total 21504K, used 16315K [0x0000000779a00000, 0x000000077af00000, 0x0000000784000000)
  object space 21504K, 75% used [0x0000000779a00000,0x000000077a9eefc0,0x000000077af00000)
GC Heap History (10 events):
Event: 0.657 GC heap after
Heap after GC invocations=2 (full 0):
 PSYoungGen      total 69632K, used 5041K [0x00000007d6a80000, 0x00000007db380000, 0x0000000800000000)
  eden space 64512K, 0% used [0x00000007d6a80000,0x00000007d6a80000,0x00000007da980000)
  from space 5120K, 98% used [0x00000007dae80000,0x00000007db36c5e8,0x00000007db380000)
  to   space 5120K, 0% used [0x00000007da980000,0x00000007da980000,0x00000007dae80000)
 ParOldGen       total 84480K, used 16K [0x0000000784000000, 0x0000000789280000, 0x00000007d6a80000)
  object space 84480K, 0% used [0x0000000784000000,0x0000000784004000,0x0000000789280000)
 PSPermGen       total 21504K, used 10943K [0x0000000779a00000, 0x000000077af00000, 0x0000000784000000)
  object space 21504K, 50% used [0x0000000779a00000,0x000000077a4afde8,0x000000077af00000)
}
Event: 1.048 GC heap before
{Heap before GC invocations=3 (full 0):
 PSYoungGen      total 69632K, used 69553K [0x00000007d6a80000, 0x00000007db380000, 0x0000000800000000)
  eden space 64512K, 100% used [0x00000007d6a80000,0x00000007da980000,0x00000007da980000)
  from space 5120K, 98% used [0x00000007dae80000,0x00000007db36c5e8,0x00000007db380000)
  to   space 5120K, 0% used [0x00000007da980000,0x00000007da980000,0x00000007dae80000)
 ParOldGen       total 84480K, used 16K [0x0000000784000000, 0x0000000789280000, 0x00000007d6a80000)
  object space 84480K, 0% used [0x0000000784000000,0x0000000784004000,0x0000000789280000)
 PSPermGen       total 21504K, used 13016K [0x0000000779a00000, 0x000000077af00000, 0x0000000784000000)
  object space 21504K, 60% used [0x0000000779a00000,0x000000077a6b61b8,0x000000077af00000)
Event: 1.055 GC heap after
Heap after GC invocations=3 (full 0):
 PSYoungGen      total 69632K, used 5009K [0x00000007d6a80000, 0x00000007df280000, 0x0000000800000000)
  eden space 64512K, 0% used [0x00000007d6a80000,0x00000007d6a80000,0x00000007da980000)
  from space 5120K, 97% used [0x00000007da980000,0x00000007dae64438,0x00000007dae80000)
  to   space 5120K, 0% used [0x00000007ded80000,0x00000007ded80000,0x00000007df280000)
 ParOldGen       total 84480K, used 24K [0x0000000784000000, 0x0000000789280000, 0x00000007d6a80000)
  object space 84480K, 0% used [0x0000000784000000,0x0000000784006000,0x0000000789280000)
 PSPermGen       total 21504K, used 13016K [0x0000000779a00000, 0x000000077af00000, 0x0000000784000000)
  object space 21504K, 60% used [0x0000000779a00000,0x000000077a6b61b8,0x000000077af00000)
}
Event: 1.282 GC heap before
{Heap before GC invocations=4 (full 0):
 PSYoungGen      total 69632K, used 69521K [0x00000007d6a80000, 0x00000007df280000, 0x0000000800000000)
  eden space 64512K, 100% used [0x00000007d6a80000,0x00000007da980000,0x00000007da980000)
  from space 5120K, 97% used [0x00000007da980000,0x00000007dae64438,0x00000007dae80000)
  to   space 5120K, 0% used [0x00000007ded80000,0x00000007ded80000,0x00000007df280000)
 ParOldGen       total 84480K, used 24K [0x0000000784000000, 0x0000000789280000, 0x00000007d6a80000)
  object space 84480K, 0% used [0x0000000784000000,0x0000000784006000,0x0000000789280000)
 PSPermGen       total 21504K, used 15269K [0x0000000779a00000, 0x000000077af00000, 0x0000000784000000)
  object space 21504K, 71% used [0x0000000779a00000,0x000000077a8e95e0,0x000000077af00000)
Event: 1.292 GC heap after
Heap after GC invocations=4 (full 0):
 PSYoungGen      total 134144K, used 5088K [0x00000007d6a80000, 0x00000007df280000, 0x0000000800000000)
  eden space 129024K, 0% used [0x00000007d6a80000,0x00000007d6a80000,0x00000007de880000)
  from space 5120K, 99% used [0x00000007ded80000,0x00000007df278060,0x00000007df280000)
  to   space 5120K, 0% used [0x00000007de880000,0x00000007de880000,0x00000007ded80000)
 ParOldGen       total 84480K, used 1489K [0x0000000784000000, 0x0000000789280000, 0x00000007d6a80000)
  object space 84480K, 1% used [0x0000000784000000,0x00000007841744c0,0x0000000789280000)
 PSPermGen       total 21504K, used 15269K [0x0000000779a00000, 0x000000077af00000, 0x0000000784000000)
  object space 21504K, 71% used [0x0000000779a00000,0x000000077a8e95e0,0x000000077af00000)
}
Event: 1.361 GC heap before
{Heap before GC invocations=5 (full 0):
 PSYoungGen      total 134144K, used 134112K [0x00000007d6a80000, 0x00000007df280000, 0x0000000800000000)
  eden space 129024K, 100% used [0x00000007d6a80000,0x00000007de880000,0x00000007de880000)
  from space 5120K, 99% used [0x00000007ded80000,0x00000007df278060,0x00000007df280000)
  to   space 5120K, 0% used [0x00000007de880000,0x00000007de880000,0x00000007ded80000)
 ParOldGen       total 84480K, used 1489K [0x0000000784000000, 0x0000000789280000, 0x00000007d6a80000)
  object space 84480K, 1% used [0x0000000784000000,0x00000007841744c0,0x0000000789280000)
 PSPermGen       total 21504K, used 15500K [0x0000000779a00000, 0x000000077af00000, 0x0000000784000000)
  object space 21504K, 72% used [0x0000000779a00000,0x000000077a923380,0x000000077af00000)
Event: 1.371 GC heap after
Heap after GC invocations=5 (full 0):
 PSYoungGen      total 134144K, used 5088K [0x00000007d6a80000, 0x00000007e7680000, 0x0000000800000000)
  eden space 129024K, 0% used [0x00000007d6a80000,0x00000007d6a80000,0x00000007de880000)
  from space 5120K, 99% used [0x00000007de880000,0x00000007ded78020,0x00000007ded80000)
  to   space 8192K, 0% used [0x00000007e6e80000,0x00000007e6e80000,0x00000007e7680000)
 ParOldGen       total 84480K, used 3885K [0x0000000784000000, 0x0000000789280000, 0x00000007d6a80000)
  object space 84480K, 4% used [0x0000000784000000,0x00000007843cb460,0x0000000789280000)
 PSPermGen       total 21504K, used 15500K [0x0000000779a00000, 0x000000077af00000, 0x0000000784000000)
  object space 21504K, 72% used [0x0000000779a00000,0x000000077a923380,0x000000077af00000)
}
Event: 1.433 GC heap before
{Heap before GC invocations=6 (full 0):
 PSYoungGen      total 134144K, used 134112K [0x00000007d6a80000, 0x00000007e7680000, 0x0000000800000000)
  eden space 129024K, 100% used [0x00000007d6a80000,0x00000007de880000,0x00000007de880000)
  from space 5120K, 99% used [0x00000007de880000,0x00000007ded78020,0x00000007ded80000)
  to   space 8192K, 0% used [0x00000007e6e80000,0x00000007e6e80000,0x00000007e7680000)
 ParOldGen       total 84480K, used 3885K [0x0000000784000000, 0x0000000789280000, 0x00000007d6a80000)
  object space 84480K, 4% used [0x0000000784000000,0x00000007843cb460,0x0000000789280000)
 PSPermGen       total 21504K, used 15713K [0x0000000779a00000, 0x000000077af00000, 0x0000000784000000)
  object space 21504K, 73% used [0x0000000779a00000,0x000000077a958500,0x000000077af00000)
Event: 1.448 GC heap after
Heap after GC invocations=6 (full 0):
 PSYoungGen      total 265216K, used 8176K [0x00000007d6a80000, 0x00000007e7880000, 0x0000000800000000)
  eden space 257024K, 0% used [0x00000007d6a80000,0x00000007d6a80000,0x00000007e6580000)
  from space 8192K, 99% used [0x00000007e6e80000,0x00000007e767c030,0x00000007e7680000)
  to   space 9216K, 0% used [0x00000007e6580000,0x00000007e6580000,0x00000007e6e80000)
 ParOldGen       total 84480K, used 3973K [0x0000000784000000, 0x0000000789280000, 0x00000007d6a80000)
  object space 84480K, 4% used [0x0000000784000000,0x00000007843e1460,0x0000000789280000)
 PSPermGen       total 21504K, used 15713K [0x0000000779a00000, 0x000000077af00000, 0x0000000784000000)
  object space 21504K, 73% used [0x0000000779a00000,0x000000077a958500,0x000000077af00000)
}
Event: 1.615 GC heap before
{Heap before GC invocations=7 (full 0):
 PSYoungGen      total 265216K, used 265200K [0x00000007d6a80000, 0x00000007e7880000, 0x0000000800000000)
  eden space 257024K, 100% used [0x00000007d6a80000,0x00000007e6580000,0x00000007e6580000)
  from space 8192K, 99% used [0x00000007e6e80000,0x00000007e767c030,0x00000007e7680000)
  to   space 9216K, 0% used [0x00000007e6580000,0x00000007e6580000,0x00000007e6e80000)
 ParOldGen       total 84480K, used 3973K [0x0000000784000000, 0x0000000789280000, 0x00000007d6a80000)
  object space 84480K, 4% used [0x0000000784000000,0x00000007843e1460,0x0000000789280000)
 PSPermGen       total 21504K, used 16315K [0x0000000779a00000, 0x000000077af00000, 0x0000000784000000)
  object space 21504K, 75% used [0x0000000779a00000,0x000000077a9eefc0,0x000000077af00000)

